{"C:\\nodejs\\study\\jest\\src\\async.ts": {"path":"C:\\nodejs\\study\\jest\\src\\async.ts","statementMap":{"0":{"start":{"line":1,"column":25},"end":{"line":3,"column":1}},"1":{"start":{"line":2,"column":2},"end":{"line":2,"column":34}},"2":{"start":{"line":2,"column":19},"end":{"line":2,"column":27}},"3":{"start":{"line":1,"column":13},"end":{"line":1,"column":25}},"4":{"start":{"line":5,"column":26},"end":{"line":9,"column":null}},"5":{"start":{"line":5,"column":37},"end":{"line":9,"column":null}},"6":{"start":{"line":6,"column":21},"end":{"line":6,"column":71}},"7":{"start":{"line":7,"column":24},"end":{"line":7,"column":45}},"8":{"start":{"line":8,"column":4},"end":{"line":8,"column":null}},"9":{"start":{"line":5,"column":13},"end":{"line":5,"column":26}}},"fnMap":{"0":{"name":"(anonymous_7)","decl":{"start":{"line":1,"column":25},"end":{"line":1,"column":26}},"loc":{"start":{"line":1,"column":56},"end":{"line":3,"column":1}}},"1":{"name":"(anonymous_8)","decl":{"start":{"line":2,"column":13},"end":{"line":2,"column":16}},"loc":{"start":{"line":2,"column":19},"end":{"line":2,"column":27}}},"2":{"name":"(anonymous_9)","decl":{"start":{"line":5,"column":26},"end":{"line":5,"column":35}},"loc":{"start":{"line":5,"column":37},"end":{"line":9,"column":null}}},"3":{"name":"(anonymous_10)","decl":{"start":{"line":5,"column":37},"end":{"line":5,"column":null}},"loc":{"start":{"line":5,"column":37},"end":{"line":9,"column":1}}}},"branchMap":{},"s":{"0":1,"1":1,"2":1,"3":1,"4":1,"5":1,"6":1,"7":1,"8":1,"9":1},"f":{"0":1,"1":1,"2":1,"3":1},"b":{}}
,"C:\\nodejs\\study\\jest\\src\\counter.ts": {"path":"C:\\nodejs\\study\\jest\\src\\counter.ts","statementMap":{"0":{"start":{"line":2,"column":12},"end":{"line":2,"column":null}},"1":{"start":{"line":5,"column":8},"end":{"line":5,"column":null}},"2":{"start":{"line":8,"column":8},"end":{"line":8,"column":null}},"3":{"start":{"line":11,"column":8},"end":{"line":11,"column":null}},"4":{"start":{"line":14,"column":8},"end":{"line":14,"column":null}},"5":{"start":{"line":17,"column":8},"end":{"line":17,"column":null}},"6":{"start":{"line":21,"column":0},"end":{"line":21,"column":null}}},"fnMap":{"0":{"name":"(anonymous_0)","decl":{"start":{"line":1,"column":0},"end":{"line":1,"column":6}},"loc":{"start":{"line":1,"column":0},"end":{"line":19,"column":1}}},"1":{"name":"(anonymous_1)","decl":{"start":{"line":4,"column":4},"end":{"line":4,"column":13}},"loc":{"start":{"line":4,"column":13},"end":{"line":6,"column":5}}},"2":{"name":"(anonymous_2)","decl":{"start":{"line":7,"column":4},"end":{"line":7,"column":13}},"loc":{"start":{"line":7,"column":13},"end":{"line":9,"column":5}}},"3":{"name":"(anonymous_3)","decl":{"start":{"line":10,"column":4},"end":{"line":10,"column":7}},"loc":{"start":{"line":10,"column":21},"end":{"line":12,"column":5}}},"4":{"name":"(anonymous_4)","decl":{"start":{"line":13,"column":4},"end":{"line":13,"column":7}},"loc":{"start":{"line":13,"column":7},"end":{"line":15,"column":5}}},"5":{"name":"(anonymous_5)","decl":{"start":{"line":16,"column":4},"end":{"line":16,"column":9}},"loc":{"start":{"line":16,"column":9},"end":{"line":18,"column":5}}}},"branchMap":{},"s":{"0":1,"1":2,"2":1,"3":5,"4":4,"5":1,"6":1},"f":{"0":1,"1":2,"2":1,"3":5,"4":4,"5":1},"b":{}}
,"C:\\nodejs\\study\\jest\\src\\data.ts": {"path":"C:\\nodejs\\study\\jest\\src\\data.ts","statementMap":{"0":{"start":{"line":1,"column":13},"end":{"line":12,"column":null}}},"fnMap":{},"branchMap":{},"s":{"0":1},"f":{},"b":{}}
,"C:\\nodejs\\study\\jest\\src\\flip-coin.ts": {"path":"C:\\nodejs\\study\\jest\\src\\flip-coin.ts","statementMap":{"0":{"start":{"line":3,"column":17},"end":{"line":6,"column":1}},"1":{"start":{"line":4,"column":16},"end":{"line":4,"column":29}},"2":{"start":{"line":5,"column":2},"end":{"line":5,"column":39}},"3":{"start":{"line":8,"column":0},"end":{"line":8,"column":24}}},"fnMap":{"0":{"name":"(anonymous_0)","decl":{"start":{"line":3,"column":17},"end":{"line":3,"column":26}},"loc":{"start":{"line":3,"column":28},"end":{"line":6,"column":1}}}},"branchMap":{"0":{"loc":{"start":{"line":5,"column":9},"end":{"line":5,"column":38}},"type":"cond-expr","locations":[{"start":{"line":5,"column":23},"end":{"line":5,"column":29}},{"start":{"line":5,"column":32},"end":{"line":5,"column":38}}]}},"s":{"0":1,"1":3,"2":3,"3":1},"f":{"0":3},"b":{"0":[1,2]}}
,"C:\\nodejs\\study\\jest\\src\\grade.ts": {"path":"C:\\nodejs\\study\\jest\\src\\grade.ts","statementMap":{"0":{"start":{"line":1,"column":22},"end":{"line":3,"column":1}},"1":{"start":{"line":2,"column":2},"end":{"line":2,"column":39}},"2":{"start":{"line":1,"column":13},"end":{"line":1,"column":22}}},"fnMap":{"0":{"name":"(anonymous_0)","decl":{"start":{"line":1,"column":22},"end":{"line":1,"column":23}},"loc":{"start":{"line":1,"column":40},"end":{"line":3,"column":1}}}},"branchMap":{"0":{"loc":{"start":{"line":2,"column":9},"end":{"line":2,"column":38}},"type":"cond-expr","locations":[{"start":{"line":2,"column":23},"end":{"line":2,"column":29}},{"start":{"line":2,"column":32},"end":{"line":2,"column":38}}]}},"s":{"0":1,"1":6,"2":1},"f":{"0":6},"b":{"0":[3,3]}}
,"C:\\nodejs\\study\\jest\\src\\hello.ts": {"path":"C:\\nodejs\\study\\jest\\src\\hello.ts","statementMap":{"0":{"start":{"line":1,"column":21},"end":{"line":3,"column":1}},"1":{"start":{"line":2,"column":2},"end":{"line":2,"column":25}},"2":{"start":{"line":1,"column":13},"end":{"line":1,"column":21}}},"fnMap":{"0":{"name":"(anonymous_0)","decl":{"start":{"line":1,"column":21},"end":{"line":1,"column":22}},"loc":{"start":{"line":1,"column":47},"end":{"line":3,"column":1}}}},"branchMap":{"0":{"loc":{"start":{"line":1,"column":22},"end":{"line":1,"column":43}},"type":"default-arg","locations":[{"start":{"line":1,"column":37},"end":{"line":1,"column":43}}]}},"s":{"0":1,"1":1,"2":1},"f":{"0":1},"b":{"0":[0]}}
,"C:\\nodejs\\study\\jest\\src\\mock.ts": {"path":"C:\\nodejs\\study\\jest\\src\\mock.ts","statementMap":{"0":{"start":{"line":13,"column":26},"end":{"line":16,"column":1}},"1":{"start":{"line":14,"column":20},"end":{"line":14,"column":50}},"2":{"start":{"line":15,"column":4},"end":{"line":15,"column":null}},"3":{"start":{"line":13,"column":13},"end":{"line":13,"column":26}}},"fnMap":{"0":{"name":"(anonymous_0)","decl":{"start":{"line":13,"column":26},"end":{"line":13,"column":27}},"loc":{"start":{"line":13,"column":79},"end":{"line":16,"column":1}}}},"branchMap":{},"s":{"0":1,"1":2,"2":2,"3":1},"f":{"0":2},"b":{}}
,"C:\\nodejs\\study\\jest\\src\\product\\repository.ts": {"path":"C:\\nodejs\\study\\jest\\src\\product\\repository.ts","statementMap":{"0":{"start":{"line":1,"column":0},"end":{"line":1,"column":34}},"1":{"start":{"line":4,"column":19},"end":{"line":7,"column":null}},"2":{"start":{"line":5,"column":37},"end":{"line":5,"column":97}},"3":{"start":{"line":5,"column":64},"end":{"line":5,"column":88}},"4":{"start":{"line":9,"column":0},"end":{"line":9,"column":null}}},"fnMap":{"0":{"name":"(anonymous_0)","decl":{"start":{"line":5,"column":14},"end":{"line":5,"column":15}},"loc":{"start":{"line":5,"column":37},"end":{"line":5,"column":97}}},"1":{"name":"(anonymous_1)","decl":{"start":{"line":5,"column":51},"end":{"line":5,"column":52}},"loc":{"start":{"line":5,"column":64},"end":{"line":5,"column":88}}}},"branchMap":{"0":{"loc":{"start":{"line":5,"column":37},"end":{"line":5,"column":97}},"type":"binary-expr","locations":[{"start":{"line":5,"column":37},"end":{"line":5,"column":89}},{"start":{"line":5,"column":93},"end":{"line":5,"column":97}}]}},"s":{"0":1,"1":1,"2":0,"3":0,"4":1},"f":{"0":0,"1":0},"b":{"0":[0,0]}}
,"C:\\nodejs\\study\\jest\\src\\product\\service.ts": {"path":"C:\\nodejs\\study\\jest\\src\\product\\service.ts","statementMap":{"0":{"start":{"line":1,"column":0},"end":{"line":1,"column":37}},"1":{"start":{"line":3,"column":26},"end":{"line":6,"column":1}},"2":{"start":{"line":4,"column":20},"end":{"line":4,"column":50}},"3":{"start":{"line":5,"column":4},"end":{"line":5,"column":null}},"4":{"start":{"line":3,"column":13},"end":{"line":3,"column":26}}},"fnMap":{"0":{"name":"(anonymous_1)","decl":{"start":{"line":3,"column":26},"end":{"line":3,"column":27}},"loc":{"start":{"line":3,"column":48},"end":{"line":6,"column":1}}}},"branchMap":{},"s":{"0":1,"1":1,"2":2,"3":2,"4":1},"f":{"0":2},"b":{}}
}
