{"total": {"lines":{"total":33,"covered":32,"skipped":0,"pct":96.96},"statements":{"total":42,"covered":40,"skipped":0,"pct":95.23},"functions":{"total":17,"covered":15,"skipped":0,"pct":88.23},"branches":{"total":7,"covered":4,"skipped":0,"pct":57.14},"branchesTrue":{"total":0,"covered":0,"skipped":0,"pct":100}}
,"C:\\nodejs\\study\\jest\\src\\async.ts": {"lines":{"total":6,"covered":6,"skipped":0,"pct":100},"functions":{"total":4,"covered":4,"skipped":0,"pct":100},"statements":{"total":10,"covered":10,"skipped":0,"pct":100},"branches":{"total":0,"covered":0,"skipped":0,"pct":100}}
,"C:\\nodejs\\study\\jest\\src\\counter.ts": {"lines":{"total":7,"covered":7,"skipped":0,"pct":100},"functions":{"total":6,"covered":6,"skipped":0,"pct":100},"statements":{"total":7,"covered":7,"skipped":0,"pct":100},"branches":{"total":0,"covered":0,"skipped":0,"pct":100}}
,"C:\\nodejs\\study\\jest\\src\\data.ts": {"lines":{"total":1,"covered":1,"skipped":0,"pct":100},"functions":{"total":0,"covered":0,"skipped":0,"pct":100},"statements":{"total":1,"covered":1,"skipped":0,"pct":100},"branches":{"total":0,"covered":0,"skipped":0,"pct":100}}
,"C:\\nodejs\\study\\jest\\src\\flip-coin.ts": {"lines":{"total":4,"covered":4,"skipped":0,"pct":100},"functions":{"total":1,"covered":1,"skipped":0,"pct":100},"statements":{"total":4,"covered":4,"skipped":0,"pct":100},"branches":{"total":2,"covered":2,"skipped":0,"pct":100}}
,"C:\\nodejs\\study\\jest\\src\\grade.ts": {"lines":{"total":2,"covered":2,"skipped":0,"pct":100},"functions":{"total":1,"covered":1,"skipped":0,"pct":100},"statements":{"total":3,"covered":3,"skipped":0,"pct":100},"branches":{"total":2,"covered":2,"skipped":0,"pct":100}}
,"C:\\nodejs\\study\\jest\\src\\hello.ts": {"lines":{"total":2,"covered":2,"skipped":0,"pct":100},"functions":{"total":1,"covered":1,"skipped":0,"pct":100},"statements":{"total":3,"covered":3,"skipped":0,"pct":100},"branches":{"total":1,"covered":0,"skipped":0,"pct":0}}
,"C:\\nodejs\\study\\jest\\src\\mock.ts": {"lines":{"total":3,"covered":3,"skipped":0,"pct":100},"functions":{"total":1,"covered":1,"skipped":0,"pct":100},"statements":{"total":4,"covered":4,"skipped":0,"pct":100},"branches":{"total":0,"covered":0,"skipped":0,"pct":100}}
,"C:\\nodejs\\study\\jest\\src\\product\\repository.ts": {"lines":{"total":4,"covered":3,"skipped":0,"pct":75},"functions":{"total":2,"covered":0,"skipped":0,"pct":0},"statements":{"total":5,"covered":3,"skipped":0,"pct":60},"branches":{"total":2,"covered":0,"skipped":0,"pct":0}}
,"C:\\nodejs\\study\\jest\\src\\product\\service.ts": {"lines":{"total":4,"covered":4,"skipped":0,"pct":100},"functions":{"total":1,"covered":1,"skipped":0,"pct":100},"statements":{"total":5,"covered":5,"skipped":0,"pct":100},"branches":{"total":0,"covered":0,"skipped":0,"pct":100}}
}
